app/build/outputs/logs/manifest-merger-debug-report.txt
-- Merging decision tree log ---
manifest
ADDED from src\main\AndroidManifest.xml:2:1-160:12
	package
		ADDED from src\main\AndroidManifest.xml:3:5-36
		INJECTED from src\main\AndroidManifest.xml
		INJECTED from src\main\AndroidManifest.xml
	android:versionName
		ADDED from src\main\AndroidManifest.xml:5:5-32
		INJECTED from src\main\AndroidManifest.xml
		INJECTED from src\main\AndroidManifest.xml
	android:versionCode
		ADDED from src\main\AndroidManifest.xml:4:5-30
		INJECTED from src\main\AndroidManifest.xml
		INJECTED from src\main\AndroidManifest.xml
	xmlns:android
		ADDED from src\main\AndroidManifest.xml:2:11-69
uses-sdk
ADDED from src\main\AndroidManifest.xml:7:5-9:41
	android:targetSdkVersion
		ADDED from src\main\AndroidManifest.xml:9:9-38
		INJECTED from src\main\AndroidManifest.xml
		INJECTED from src\main\AndroidManifest.xml
	android:minSdkVersion
		ADDED from src\main\AndroidManifest.xml:8:9-34
		INJECTED from src\main\AndroidManifest.xml
		INJECTED from src\main\AndroidManifest.xml
uses-permission#android.permission.INTERNET
ADDED from src\main\AndroidManifest.xml:11:5-67
	android:name
		ADDED from src\main\AndroidManifest.xml:11:22-64
uses-permission#android.permission.WAKE_LOCK
ADDED from src\main\AndroidManifest.xml:13:5-68
	android:name
		ADDED from src\main\AndroidManifest.xml:13:22-65
uses-permission#android.permission.READ_PHONE_STATE
ADDED from src\main\AndroidManifest.xml:16:5-75
	android:name
		ADDED from src\main\AndroidManifest.xml:16:22-72
uses-permission#android.permission.WRITE_EXTERNAL_STORAGE
ADDED from src\main\AndroidManifest.xml:19:5-81
	android:name
		ADDED from src\main\AndroidManifest.xml:19:22-78
uses-permission#android.permission.READ_EXTERNAL_STORAGE
ADDED from src\main\AndroidManifest.xml:22:5-80
	android:name
		ADDED from src\main\AndroidManifest.xml:22:22-77
uses-permission#android.permission.WRITE_SETTINGS
ADDED from src\main\AndroidManifest.xml:24:5-73
	android:name
		ADDED from src\main\AndroidManifest.xml:24:22-70
uses-permission#android.permission.VIBRATE
ADDED from src\main\AndroidManifest.xml:27:5-66
	android:name
		ADDED from src\main\AndroidManifest.xml:27:22-63
uses-permission#android.permission.MOUNT_UNMOUNT_FILESYSTEMS
ADDED from src\main\AndroidManifest.xml:30:5-84
	android:name
		ADDED from src\main\AndroidManifest.xml:30:22-81
uses-permission#android.permission.ACCESS_NETWORK_STATE
ADDED from src\main\AndroidManifest.xml:32:5-79
	android:name
		ADDED from src\main\AndroidManifest.xml:32:22-76
uses-permission#android.permission.SYSTEM_ALERT_WINDOW
ADDED from src\main\AndroidManifest.xml:35:5-78
	android:name
		ADDED from src\main\AndroidManifest.xml:35:22-75
uses-permission#android.permission.GET_TASKS
ADDED from src\main\AndroidManifest.xml:37:5-68
	android:name
		ADDED from src\main\AndroidManifest.xml:37:22-65
uses-permission#android.permission.ACCESS_COARSE_LOCATION
ADDED from src\main\AndroidManifest.xml:40:5-81
	android:name
		ADDED from src\main\AndroidManifest.xml:40:22-78
uses-permission#android.permission.ACCESS_WIFI_STATE
ADDED from src\main\AndroidManifest.xml:41:5-76
	android:name
		ADDED from src\main\AndroidManifest.xml:41:22-73
uses-permission#android.permission.CHANGE_WIFI_STATE
ADDED from src\main\AndroidManifest.xml:42:5-76
	android:name
		ADDED from src\main\AndroidManifest.xml:42:22-73
uses-permission#android.permission.ACCESS_FINE_LOCATION
ADDED from src\main\AndroidManifest.xml:43:5-79
	android:name
		ADDED from src\main\AndroidManifest.xml:43:22-76
uses-permission#android.permission.ACCESS_LOCATION_EXTRA_COMMANDS
ADDED from src\main\AndroidManifest.xml:44:5-89
	android:name
		ADDED from src\main\AndroidManifest.xml:44:22-86
uses-permission#android.permission.CHANGE_NETWORK_STATE
ADDED from src\main\AndroidManifest.xml:45:5-79
	android:name
		ADDED from src\main\AndroidManifest.xml:45:22-76
uses-permission#android.permission.CAMERA
ADDED from src\main\AndroidManifest.xml:48:5-65
	android:name
		ADDED from src\main\AndroidManifest.xml:48:22-62
uses-permission#android.permission.MODIFY_AUDIO_SETTINGS
ADDED from src\main\AndroidManifest.xml:50:5-80
	android:name
		ADDED from src\main\AndroidManifest.xml:50:22-77
uses-permission#android.permission.RECORD_AUDIO
ADDED from src\main\AndroidManifest.xml:52:5-71
	android:name
		ADDED from src\main\AndroidManifest.xml:52:22-68
supports-screens
ADDED from src\main\AndroidManifest.xml:54:5-59:37
	android:largeScreens
		ADDED from src\main\AndroidManifest.xml:57:9-36
	android:smallScreens
		ADDED from src\main\AndroidManifest.xml:55:9-36
	android:normalScreens
		ADDED from src\main\AndroidManifest.xml:56:9-37
	android:xlargeScreens
		ADDED from src\main\AndroidManifest.xml:58:9-37
	android:anyDensity
		ADDED from src\main\AndroidManifest.xml:59:9-34
application
ADDED from src\main\AndroidManifest.xml:61:5-158:19
	android:label
		ADDED from src\main\AndroidManifest.xml:66:9-41
	android:allowBackup
		ADDED from src\main\AndroidManifest.xml:63:9-35
	android:icon
		ADDED from src\main\AndroidManifest.xml:65:9-38
	android:largeHeap
		ADDED from src\main\AndroidManifest.xml:64:9-33
	android:theme
		ADDED from src\main\AndroidManifest.xml:67:9-40
	android:name
		ADDED from src\main\AndroidManifest.xml:62:9-63
activity#com.imsdk.imdeveloper.ui.activity.MainActivity
ADDED from src\main\AndroidManifest.xml:82:9-87:20
	android:screenOrientation
		ADDED from src\main\AndroidManifest.xml:85:13-49
	android:windowSoftInputMode
		ADDED from src\main\AndroidManifest.xml:86:13-74
	android:logo
		ADDED from src\main\AndroidManifest.xml:84:13-42
	android:name
		ADDED from src\main\AndroidManifest.xml:83:13-74
activity#com.imsdk.imdeveloper.ui.activity.WelcomeActivity
ADDED from src\main\AndroidManifest.xml:88:9-96:20
	android:screenOrientation
		ADDED from src\main\AndroidManifest.xml:90:13-49
	android:name
		ADDED from src\main\AndroidManifest.xml:89:13-77
intent-filter#android.intent.action.MAIN+android.intent.category.LAUNCHER
ADDED from src\main\AndroidManifest.xml:91:13-95:29
action#android.intent.action.MAIN
ADDED from src\main\AndroidManifest.xml:92:17-69
	android:name
		ADDED from src\main\AndroidManifest.xml:92:25-66
category#android.intent.category.LAUNCHER
ADDED from src\main\AndroidManifest.xml:94:17-77
	android:name
		ADDED from src\main\AndroidManifest.xml:94:27-74
activity#com.imsdk.imdeveloper.ui.activity.LoginActivity
ADDED from src\main\AndroidManifest.xml:97:9-99:52
	android:screenOrientation
		ADDED from src\main\AndroidManifest.xml:99:13-49
	android:name
		ADDED from src\main\AndroidManifest.xml:98:13-75
activity#com.imsdk.imdeveloper.ui.activity.NextActivity
ADDED from src\main\AndroidManifest.xml:100:9-102:52
	android:screenOrientation
		ADDED from src\main\AndroidManifest.xml:102:13-49
	android:name
		ADDED from src\main\AndroidManifest.xml:101:13-74
activity#com.imsdk.imdeveloper.ui.activity.RegisterActivity
ADDED from src\main\AndroidManifest.xml:103:9-105:52
	android:screenOrientation
		ADDED from src\main\AndroidManifest.xml:105:13-49
	android:name
		ADDED from src\main\AndroidManifest.xml:104:13-78
activity#com.imsdk.imdeveloper.ui.activity.ProfileActivity
ADDED from src\main\AndroidManifest.xml:106:9-108:52
	android:screenOrientation
		ADDED from src\main\AndroidManifest.xml:108:13-49
	android:name
		ADDED from src\main\AndroidManifest.xml:107:13-77
activity#com.imsdk.imdeveloper.ui.activity.IMChatActivity
ADDED from src\main\AndroidManifest.xml:109:9-112:76
	android:screenOrientation
		ADDED from src\main\AndroidManifest.xml:111:13-49
	android:windowSoftInputMode
		ADDED from src\main\AndroidManifest.xml:112:13-73
	android:name
		ADDED from src\main\AndroidManifest.xml:110:13-76
activity#com.imsdk.imdeveloper.ui.activity.shop.IMMerchantChatActivity
ADDED from src\main\AndroidManifest.xml:113:9-116:76
	android:screenOrientation
		ADDED from src\main\AndroidManifest.xml:115:13-49
	android:windowSoftInputMode
		ADDED from src\main\AndroidManifest.xml:116:13-73
	android:name
		ADDED from src\main\AndroidManifest.xml:114:13-89
activity#com.imsdk.imdeveloper.ui.activity.IMGroupChatActivity
ADDED from src\main\AndroidManifest.xml:117:9-120:76
	android:screenOrientation
		ADDED from src\main\AndroidManifest.xml:119:13-49
	android:windowSoftInputMode
		ADDED from src\main\AndroidManifest.xml:120:13-73
	android:name
		ADDED from src\main\AndroidManifest.xml:118:13-81
activity#com.imsdk.imdeveloper.ui.activity.PasswordModifyActivity
ADDED from src\main\AndroidManifest.xml:121:9-124:63
	android:screenOrientation
		ADDED from src\main\AndroidManifest.xml:123:13-49
	android:windowSoftInputMode
		ADDED from src\main\AndroidManifest.xml:124:13-60
	android:name
		ADDED from src\main\AndroidManifest.xml:122:13-84
activity#com.imsdk.imdeveloper.ui.activity.MyProfileActivity
ADDED from src\main\AndroidManifest.xml:125:9-128:76
	android:screenOrientation
		ADDED from src\main\AndroidManifest.xml:127:13-49
	android:windowSoftInputMode
		ADDED from src\main\AndroidManifest.xml:128:13-73
	android:name
		ADDED from src\main\AndroidManifest.xml:126:13-79
activity#com.imsdk.imdeveloper.ui.activity.ModifyPasswordActivity
ADDED from src\main\AndroidManifest.xml:129:9-132:76
	android:screenOrientation
		ADDED from src\main\AndroidManifest.xml:131:13-49
	android:windowSoftInputMode
		ADDED from src\main\AndroidManifest.xml:132:13-73
	android:name
		ADDED from src\main\AndroidManifest.xml:130:13-84
activity#com.imsdk.imdeveloper.ui.activity.SignActivity
ADDED from src\main\AndroidManifest.xml:133:9-136:76
	android:screenOrientation
		ADDED from src\main\AndroidManifest.xml:135:13-49
	android:windowSoftInputMode
		ADDED from src\main\AndroidManifest.xml:136:13-73
	android:name
		ADDED from src\main\AndroidManifest.xml:134:13-74
activity#com.imsdk.imdeveloper.ui.activity.ChoosePhotoActivity
ADDED from src\main\AndroidManifest.xml:137:9-139:52
	android:screenOrientation
		ADDED from src\main\AndroidManifest.xml:139:13-49
	android:name
		ADDED from src\main\AndroidManifest.xml:138:13-81
activity#com.imsdk.imdeveloper.ui.activity.AddContactActivity
ADDED from src\main\AndroidManifest.xml:140:9-142:52
	android:screenOrientation
		ADDED from src\main\AndroidManifest.xml:142:13-49
	android:name
		ADDED from src\main\AndroidManifest.xml:141:13-80
activity#com.imsdk.imdeveloper.ui.activity.MyGroupsActivity
ADDED from src\main\AndroidManifest.xml:143:9-145:52
	android:screenOrientation
		ADDED from src\main\AndroidManifest.xml:145:13-49
	android:name
		ADDED from src\main\AndroidManifest.xml:144:13-78
activity#com.imsdk.imdeveloper.ui.activity.shop.MyMerchantActivity
ADDED from src\main\AndroidManifest.xml:146:9-148:52
	android:screenOrientation
		ADDED from src\main\AndroidManifest.xml:148:13-49
	android:name
		ADDED from src\main\AndroidManifest.xml:147:13-85
activity#com.imsdk.imdeveloper.ui.activity.GroupInfoActivity
ADDED from src\main\AndroidManifest.xml:149:9-151:52
	android:screenOrientation
		ADDED from src\main\AndroidManifest.xml:151:13-49
	android:name
		ADDED from src\main\AndroidManifest.xml:150:13-79
activity#com.imsdk.imdeveloper.ui.activity.GroupSearchMemberActivity
ADDED from src\main\AndroidManifest.xml:152:9-154:52
	android:screenOrientation
		ADDED from src\main\AndroidManifest.xml:154:13-49
	android:name
		ADDED from src\main\AndroidManifest.xml:153:13-87
activity#com.imsdk.imdeveloper.ui.activity.shop.AnnounceActivity
ADDED from src\main\AndroidManifest.xml:155:9-157:52
	android:screenOrientation
		ADDED from src\main\AndroidManifest.xml:157:13-49
	android:name
		ADDED from src\main\AndroidManifest.xml:156:13-83